<?xml version="1.0" encoding="utf-8"?><testsuites name="pytest tests"><testsuite name="pytest" errors="0" failures="0" skipped="0" tests="14" time="8.319" timestamp="2026-05-09T21:11:04.236187+00:00" hostname="agent-env-0508157d-6b3e-4bcb-9851-aca36bed1b98"><testcase classname="backend.tests.test_codemaster_api.TestCourses" name="test_list_courses" time="1.178" /><testcase classname="backend.tests.test_codemaster_api.TestCourses" name="test_get_course_python" time="0.205" /><testcase classname="backend.tests.test_codemaster_api.TestCourses" name="test_get_course_not_found" time="0.106" /><testcase classname="backend.tests.test_codemaster_api.TestCourses" name="test_get_lesson" time="0.169" /><testcase classname="backend.tests.test_codemaster_api.TestAuthGating" name="test_me_no_token" time="0.128" /><testcase classname="backend.tests.test_codemaster_api.TestAuthGating" name="test_progress_no_token" time="0.116" /><testcase classname="backend.tests.test_codemaster_api.TestAuthGating" name="test_complete_no_token" time="0.152" /><testcase classname="backend.tests.test_codemaster_api.TestAuthGating" name="test_tutor_no_token" time="0.142" /><testcase classname="backend.tests.test_codemaster_api.TestAuthenticated" name="test_me" time="0.110" /><testcase classname="backend.tests.test_codemaster_api.TestAuthenticated" name="test_progress" time="0.138" /><testcase classname="backend.tests.test_codemaster_api.TestAuthenticated" name="test_complete_lesson_first_then_idempotent" time="0.315" /><testcase classname="backend.tests.test_codemaster_api.TestTutor" name="test_tutor_claude" time="3.888" /><testcase classname="backend.tests.test_codemaster_api.TestTutor" name="test_tutor_gpt" time="1.127" /><testcase classname="backend.tests.test_codemaster_api.TestZLogout" name="test_logout" time="0.265" /></testsuite></testsuites>